# JRE version: OpenJDK Runtime Environment (17.0.6) (build 17.0.6+0-b2043.56-9586694)
# Java VM: OpenJDK 64-Bit Server VM (17.0.6+0-b2043.56-9586694, mixed mode, tiered, compressed oops, compressed class ptrs, g1 gc, windows-amd64)
GC Precious Log:
 CPUs: 4 total, 4 available
 Memory: 3793M
 Large Page Support: Disabled
 NUMA Support: Disabled
 Compressed Oops: Enabled (32-bit)
 Heap Region Size: 1M
 Heap Min Capacity: 8M
 Heap Initial Capacity: 60M
 Heap Max Capacity: 2G
 Pre-touch: Disabled
 Parallel Workers: 4
 Concurrent Workers: 1
 Concurrent Refinement Workers: 4
 Periodic GC: Disabled
Heap:
 garbage-first heap   total 309248K, used 113032K [0x0000000080000000, 0x0000000100000000)
  region size 1024K, 2 young (2048K), 2 survivors (2048K)
 Metaspace       used 112158K, committed 112896K, reserved 1146880K
  class space    used 14812K, committed 15168K, reserved 1048576K
GC Heap History (20 events):
Event: 59.503 GC heap after
{Heap after GC invocations=31 (full 0):
 garbage-first heap   total 144384K, used 62794K [0x0000000080000000, 0x0000000100000000)
  region size 1024K, 1 young (1024K), 1 survivors (1024K)
 Metaspace       used 72096K, committed 72640K, reserved 1114112K
  class space    used 9437K, committed 9664K, reserved 1048576K
}
Event: 62.628 GC heap before
{Heap before GC invocations=31 (full 0):
 garbage-first heap   total 144384K, used 107850K [0x0000000080000000, 0x0000000100000000)
  region size 1024K, 45 young (46080K), 1 survivors (1024K)
 Metaspace       used 76555K, committed 77120K, reserved 1122304K
  class space    used 10024K, committed 10304K, reserved 1048576K
}
Event: 62.648 GC heap after
{Heap after GC invocations=32 (full 0):
 garbage-first heap   total 144384K, used 64814K [0x0000000080000000, 0x0000000100000000)
  region size 1024K, 3 young (3072K), 3 survivors (3072K)
 Metaspace       used 76555K, committed 77120K, reserved 1122304K
  class space    used 10024K, committed 10304K, reserved 1048576K
}
Event: 64.528 GC heap before
{Heap before GC invocations=32 (full 0):
 garbage-first heap   total 144384K, used 109870K [0x0000000080000000, 0x0000000100000000)
  region size 1024K, 47 young (48128K), 3 survivors (3072K)
 Metaspace       used 77845K, committed 78400K, reserved 1122304K
  class space    used 10194K, committed 10496K, reserved 1048576K
}
Event: 64.569 GC heap after
{Heap after GC invocations=33 (full 0):
 garbage-first heap   total 144384K, used 68568K [0x0000000080000000, 0x0000000100000000)
  region size 1024K, 6 young (6144K), 6 survivors (6144K)
 Metaspace       used 77845K, committed 78400K, reserved 1122304K
  class space    used 10194K, committed 10496K, reserved 1048576K
}
Event: 66.827 GC heap before
{Heap before GC invocations=33 (full 0):
 garbage-first heap   total 144384K, used 113624K [0x0000000080000000, 0x0000000100000000)
  region size 1024K, 50 young (51200K), 6 survivors (6144K)
 Metaspace       used 83334K, committed 83968K, reserved 1122304K
  class space    used 11158K, committed 11456K, reserved 1048576K
}
Event: 66.865 GC heap after
{Heap after GC invocations=34 (full 0):
 garbage-first heap   total 144384K, used 71780K [0x0000000080000000, 0x0000000100000000)
  region size 1024K, 7 young (7168K), 7 survivors (7168K)
 Metaspace       used 83334K, committed 83968K, reserved 1122304K
  class space    used 11158K, committed 11456K, reserved 1048576K
}
Event: 68.912 GC heap before
{Heap before GC invocations=34 (full 0):
 garbage-first heap   total 144384K, used 114788K [0x0000000080000000, 0x0000000100000000)
  region size 1024K, 49 young (50176K), 7 survivors (7168K)
 Metaspace       used 88579K, committed 89152K, reserved 1130496K
  class space    used 11885K, committed 12160K, reserved 1048576K
}
Event: 68.968 GC heap after
{Heap after GC invocations=35 (full 0):
 garbage-first heap   total 309248K, used 74165K [0x0000000080000000, 0x0000000100000000)
  region size 1024K, 6 young (6144K), 6 survivors (6144K)
 Metaspace       used 88579K, committed 89152K, reserved 1130496K
  class space    used 11885K, committed 12160K, reserved 1048576K
}
Event: 79.332 GC heap before
{Heap before GC invocations=35 (full 0):
 garbage-first heap   total 309248K, used 231861K [0x0000000080000000, 0x0000000100000000)
  region size 1024K, 161 young (164864K), 6 survivors (6144K)
 Metaspace       used 100354K, committed 100992K, reserved 1138688K
  class space    used 13436K, committed 13696K, reserved 1048576K
}
Event: 79.645 GC heap after
{Heap after GC invocations=36 (full 0):
 garbage-first heap   total 309248K, used 92317K [0x0000000080000000, 0x0000000100000000)
  region size 1024K, 21 young (21504K), 21 survivors (21504K)
 Metaspace       used 100354K, committed 100992K, reserved 1138688K
  class space    used 13436K, committed 13696K, reserved 1048576K
}
Event: 86.965 GC heap before
{Heap before GC invocations=36 (full 0):
 garbage-first heap   total 309248K, used 180381K [0x0000000080000000, 0x0000000100000000)
  region size 1024K, 106 young (108544K), 21 survivors (21504K)
 Metaspace       used 104125K, committed 104704K, reserved 1146880K
  class space    used 14007K, committed 14272K, reserved 1048576K
}
Event: 87.250 GC heap after
{Heap after GC invocations=37 (full 0):
 garbage-first heap   total 309248K, used 102321K [0x0000000080000000, 0x0000000100000000)
  region size 1024K, 8 young (8192K), 8 survivors (8192K)
 Metaspace       used 104125K, committed 104704K, reserved 1146880K
  class space    used 14007K, committed 14272K, reserved 1048576K
}
Event: 96.397 GC heap before
{Heap before GC invocations=37 (full 0):
 garbage-first heap   total 309248K, used 203697K [0x0000000080000000, 0x0000000100000000)
  region size 1024K, 108 young (110592K), 8 survivors (8192K)
 Metaspace       used 107118K, committed 107776K, reserved 1146880K
  class space    used 14371K, committed 14720K, reserved 1048576K
}
Event: 96.562 GC heap after
{Heap after GC invocations=38 (full 0):
 garbage-first heap   total 309248K, used 103743K [0x0000000080000000, 0x0000000100000000)
  region size 1024K, 11 young (11264K), 11 survivors (11264K)
 Metaspace       used 107118K, committed 107776K, reserved 1146880K
  class space    used 14371K, committed 14720K, reserved 1048576K
}
Event: 447.607 GC heap before
{Heap before GC invocations=38 (full 0):
 garbage-first heap   total 309248K, used 188735K [0x0000000080000000, 0x0000000100000000)
  region size 1024K, 95 young (97280K), 11 survivors (11264K)
 Metaspace       used 111802K, committed 112576K, reserved 1146880K
  class space    used 14800K, committed 15168K, reserved 1048576K
}
Event: 449.143 GC heap after
{Heap after GC invocations=39 (full 0):
 garbage-first heap   total 309248K, used 108129K [0x0000000080000000, 0x0000000100000000)
  region size 1024K, 9 young (9216K), 9 survivors (9216K)
 Metaspace       used 111802K, committed 112576K, reserved 1146880K
  class space    used 14800K, committed 15168K, reserved 1048576K
}
Event: 452.708 GC heap before
{Heap before GC invocations=39 (full 0):
 garbage-first heap   total 309248K, used 114273K [0x0000000080000000, 0x0000000100000000)
  region size 1024K, 15 young (15360K), 9 survivors (9216K)
 Metaspace       used 111923K, committed 112704K, reserved 1146880K
  class space    used 14803K, committed 15168K, reserved 1048576K
}
Event: 452.897 GC heap after
{Heap after GC invocations=40 (full 0):
 garbage-first heap   total 309248K, used 110367K [0x0000000080000000, 0x0000000100000000)
  region size 1024K, 2 young (2048K), 2 survivors (2048K)
 Metaspace       used 111923K, committed 112704K, reserved 1146880K
  class space    used 14803K, committed 15168K, reserved 1048576K
}
Event: 455.968 GC heap before
{Heap before GC invocations=40 (full 0):
 garbage-first heap   total 309248K, used 123679K [0x0000000080000000, 0x0000000100000000)
  region size 1024K, 15 young (15360K), 2 survivors (2048K)
 Metaspace       used 112158K, committed 112896K, reserved 1146880K
  class space    used 14812K, committed 15168K, reserved 1048576K
}

